Performing C SOURCE FILE Test CMAKE_HAVE_LIBC_PTHREAD failed with the following output:
Change Dir: /home/maomao/deepin/pr/deepin-terminal/cmake-build-debug/CMakeFiles/CMakeTmp

Run Build Command(s):/usr/bin/make cmTC_c1d02/fast && /usr/bin/make  -f CMakeFiles/cmTC_c1d02.dir/build.make CMakeFiles/cmTC_c1d02.dir/build
make[1]: 进入目录“/home/maomao/deepin/pr/deepin-terminal/cmake-build-debug/CMakeFiles/CMakeTmp”
Building C object CMakeFiles/cmTC_c1d02.dir/src.c.o
/usr/bin/cc   -g -Wall -Wextra -DCMAKE_HAVE_LIBC_PTHREAD   -o CMakeFiles/cmTC_c1d02.dir/src.c.o   -c /home/maomao/deepin/pr/deepin-terminal/cmake-build-debug/CMakeFiles/CMakeTmp/src.c
Linking C executable cmTC_c1d02
/home/mapmap/Jetbrains/clion-2020.2.4/bin/cmake/linux/bin/cmake -E cmake_link_script CMakeFiles/cmTC_c1d02.dir/link.txt --verbose=1
/usr/bin/cc  -g -Wall -Wextra -DCMAKE_HAVE_LIBC_PTHREAD    -rdynamic CMakeFiles/cmTC_c1d02.dir/src.c.o  -o cmTC_c1d02 
/usr/bin/ld: CMakeFiles/cmTC_c1d02.dir/src.c.o: in function `main':
/home/maomao/deepin/pr/deepin-terminal/cmake-build-debug/CMakeFiles/CMakeTmp/src.c:11: undefined reference to `pthread_create'
/usr/bin/ld: /home/maomao/deepin/pr/deepin-terminal/cmake-build-debug/CMakeFiles/CMakeTmp/src.c:12: undefined reference to `pthread_detach'
/usr/bin/ld: /home/maomao/deepin/pr/deepin-terminal/cmake-build-debug/CMakeFiles/CMakeTmp/src.c:13: undefined reference to `pthread_cancel'
/usr/bin/ld: /home/maomao/deepin/pr/deepin-terminal/cmake-build-debug/CMakeFiles/CMakeTmp/src.c:14: undefined reference to `pthread_join'
collect2: error: ld returned 1 exit status
make[1]: *** [CMakeFiles/cmTC_c1d02.dir/build.make:107：cmTC_c1d02] 错误 1
make[1]: 离开目录“/home/maomao/deepin/pr/deepin-terminal/cmake-build-debug/CMakeFiles/CMakeTmp”
make: *** [Makefile:141：cmTC_c1d02/fast] 错误 2


Source file was:
#include <pthread.h>

void* test_func(void* data)
{
  return data;
}

int main(void)
{
  pthread_t thread;
  pthread_create(&thread, NULL, test_func, NULL);
  pthread_detach(thread);
  pthread_cancel(thread);
  pthread_join(thread, NULL);
  pthread_atfork(NULL, NULL, NULL);
  pthread_exit(NULL);

  return 0;
}

Determining if the function pthread_create exists in the pthreads failed with the following output:
Change Dir: /home/maomao/deepin/pr/deepin-terminal/cmake-build-debug/CMakeFiles/CMakeTmp

Run Build Command(s):/usr/bin/make cmTC_3f716/fast && /usr/bin/make  -f CMakeFiles/cmTC_3f716.dir/build.make CMakeFiles/cmTC_3f716.dir/build
make[1]: 进入目录“/home/maomao/deepin/pr/deepin-terminal/cmake-build-debug/CMakeFiles/CMakeTmp”
Building C object CMakeFiles/cmTC_3f716.dir/CheckFunctionExists.c.o
/usr/bin/cc   -g -Wall -Wextra -DCHECK_FUNCTION_EXISTS=pthread_create   -std=gnu11 -o CMakeFiles/cmTC_3f716.dir/CheckFunctionExists.c.o   -c /home/mapmap/Jetbrains/clion-2020.2.4/bin/cmake/linux/share/cmake-3.17/Modules/CheckFunctionExists.c
Linking C executable cmTC_3f716
/home/mapmap/Jetbrains/clion-2020.2.4/bin/cmake/linux/bin/cmake -E cmake_link_script CMakeFiles/cmTC_3f716.dir/link.txt --verbose=1
/usr/bin/cc  -g -Wall -Wextra -DCHECK_FUNCTION_EXISTS=pthread_create  -pie  CMakeFiles/cmTC_3f716.dir/CheckFunctionExists.c.o  -o cmTC_3f716  -lpthreads 
/usr/bin/ld: 找不到 -lpthreads
collect2: error: ld returned 1 exit status
make[1]: *** [CMakeFiles/cmTC_3f716.dir/build.make:107：cmTC_3f716] 错误 1
make[1]: 离开目录“/home/maomao/deepin/pr/deepin-terminal/cmake-build-debug/CMakeFiles/CMakeTmp”
make: *** [Makefile:141：cmTC_3f716/fast] 错误 2



